<?xml version="1.0" encoding="UTF-8"?>
<testsuite name="com.wonderweasel.calculator.CalculatorApplicationTests" tests="1" skipped="0" failures="0" errors="0" timestamp="2019-08-09T15:09:22" hostname="main" time="0.655">
  <properties/>
  <testcase name="contextLoads" classname="com.wonderweasel.calculator.CalculatorApplicationTests" time="0.655"/>
  <system-out><![CDATA[15:09:10.450 [Test worker] DEBUG org.springframework.test.context.junit4.SpringJUnit4ClassRunner - SpringJUnit4ClassRunner constructor called with [class com.wonderweasel.calculator.CalculatorApplicationTests]
15:09:10.480 [Test worker] DEBUG org.springframework.test.context.BootstrapUtils - Instantiating CacheAwareContextLoaderDelegate from class [org.springframework.test.context.cache.DefaultCacheAwareContextLoaderDelegate]
15:09:10.538 [Test worker] DEBUG org.springframework.test.context.BootstrapUtils - Instantiating BootstrapContext using constructor [public org.springframework.test.context.support.DefaultBootstrapContext(java.lang.Class,org.springframework.test.context.CacheAwareContextLoaderDelegate)]
15:09:10.625 [Test worker] DEBUG org.springframework.test.context.BootstrapUtils - Instantiating TestContextBootstrapper for test class [com.wonderweasel.calculator.CalculatorApplicationTests] from class [org.springframework.boot.test.context.SpringBootTestContextBootstrapper]
15:09:10.695 [Test worker] INFO org.springframework.boot.test.context.SpringBootTestContextBootstrapper - Neither @ContextConfiguration nor @ContextHierarchy found for test class [com.wonderweasel.calculator.CalculatorApplicationTests], using SpringBootContextLoader
15:09:10.712 [Test worker] DEBUG org.springframework.test.context.support.AbstractContextLoader - Did not detect default resource location for test class [com.wonderweasel.calculator.CalculatorApplicationTests]: class path resource [com/wonderweasel/calculator/CalculatorApplicationTests-context.xml] does not exist
15:09:10.714 [Test worker] DEBUG org.springframework.test.context.support.AbstractContextLoader - Did not detect default resource location for test class [com.wonderweasel.calculator.CalculatorApplicationTests]: class path resource [com/wonderweasel/calculator/CalculatorApplicationTestsContext.groovy] does not exist
15:09:10.715 [Test worker] INFO org.springframework.test.context.support.AbstractContextLoader - Could not detect default resource locations for test class [com.wonderweasel.calculator.CalculatorApplicationTests]: no resource found for suffixes {-context.xml, Context.groovy}.
15:09:10.718 [Test worker] INFO org.springframework.test.context.support.AnnotationConfigContextLoaderUtils - Could not detect default configuration classes for test class [com.wonderweasel.calculator.CalculatorApplicationTests]: CalculatorApplicationTests does not declare any static, non-private, non-final, nested classes annotated with @Configuration.
15:09:10.919 [Test worker] DEBUG org.springframework.test.context.support.ActiveProfilesUtils - Could not find an 'annotation declaring class' for annotation type [org.springframework.test.context.ActiveProfiles] and class [com.wonderweasel.calculator.CalculatorApplicationTests]
15:09:11.258 [Test worker] DEBUG org.springframework.context.annotation.ClassPathScanningCandidateComponentProvider - Identified candidate component class: file [/vagrant/calculator/build/classes/java/main/com/wonderweasel/calculator/CalculatorApplication.class]
15:09:11.280 [Test worker] INFO org.springframework.boot.test.context.SpringBootTestContextBootstrapper - Found @SpringBootConfiguration com.wonderweasel.calculator.CalculatorApplication for test class com.wonderweasel.calculator.CalculatorApplicationTests
15:09:11.810 [Test worker] DEBUG org.springframework.boot.test.context.SpringBootTestContextBootstrapper - @TestExecutionListeners is not present for class [com.wonderweasel.calculator.CalculatorApplicationTests]: using defaults.
15:09:11.812 [Test worker] INFO org.springframework.boot.test.context.SpringBootTestContextBootstrapper - Loaded default TestExecutionListener class names from location [META-INF/spring.factories]: [org.springframework.boot.test.autoconfigure.restdocs.RestDocsTestExecutionListener, org.springframework.boot.test.autoconfigure.web.client.MockRestServiceServerResetTestExecutionListener, org.springframework.boot.test.autoconfigure.web.servlet.MockMvcPrintOnlyOnFailureTestExecutionListener, org.springframework.boot.test.autoconfigure.web.servlet.WebDriverTestExecutionListener, org.springframework.boot.test.mock.mockito.MockitoTestExecutionListener, org.springframework.boot.test.mock.mockito.ResetMocksTestExecutionListener, org.springframework.test.context.web.ServletTestExecutionListener, org.springframework.test.context.support.DirtiesContextBeforeModesTestExecutionListener, org.springframework.test.context.support.DependencyInjectionTestExecutionListener, org.springframework.test.context.support.DirtiesContextTestExecutionListener, org.springframework.test.context.transaction.TransactionalTestExecutionListener, org.springframework.test.context.jdbc.SqlScriptsTestExecutionListener]
15:09:11.877 [Test worker] DEBUG org.springframework.boot.test.context.SpringBootTestContextBootstrapper - Skipping candidate TestExecutionListener [org.springframework.test.context.transaction.TransactionalTestExecutionListener] due to a missing dependency. Specify custom listener classes or make the default listener classes and their required dependencies available. Offending class: [org/springframework/transaction/TransactionDefinition]
15:09:11.880 [Test worker] DEBUG org.springframework.boot.test.context.SpringBootTestContextBootstrapper - Skipping candidate TestExecutionListener [org.springframework.test.context.jdbc.SqlScriptsTestExecutionListener] due to a missing dependency. Specify custom listener classes or make the default listener classes and their required dependencies available. Offending class: [org/springframework/transaction/interceptor/TransactionAttribute]
15:09:11.880 [Test worker] INFO org.springframework.boot.test.context.SpringBootTestContextBootstrapper - Using TestExecutionListeners: [org.springframework.test.context.web.ServletTestExecutionListener@643d6bc8, org.springframework.test.context.support.DirtiesContextBeforeModesTestExecutionListener@7b923f03, org.springframework.boot.test.mock.mockito.MockitoTestExecutionListener@5981b9d7, org.springframework.boot.test.autoconfigure.SpringBootDependencyInjectionTestExecutionListener@3f952373, org.springframework.test.context.support.DirtiesContextTestExecutionListener@30f96c62, org.springframework.boot.test.autoconfigure.restdocs.RestDocsTestExecutionListener@5af92759, org.springframework.boot.test.autoconfigure.web.client.MockRestServiceServerResetTestExecutionListener@e6262d0, org.springframework.boot.test.autoconfigure.web.servlet.MockMvcPrintOnlyOnFailureTestExecutionListener@187a46d4, org.springframework.boot.test.autoconfigure.web.servlet.WebDriverTestExecutionListener@631ba3c5, org.springframework.boot.test.mock.mockito.ResetMocksTestExecutionListener@704b9310]
15:09:11.889 [Test worker] DEBUG org.springframework.test.annotation.ProfileValueUtils - Retrieved @ProfileValueSourceConfiguration [null] for test class [com.wonderweasel.calculator.CalculatorApplicationTests]
15:09:11.891 [Test worker] DEBUG org.springframework.test.annotation.ProfileValueUtils - Retrieved ProfileValueSource type [class org.springframework.test.annotation.SystemProfileValueSource] for class [com.wonderweasel.calculator.CalculatorApplicationTests]
15:09:11.892 [Test worker] DEBUG org.springframework.test.annotation.ProfileValueUtils - Retrieved @ProfileValueSourceConfiguration [null] for test class [com.wonderweasel.calculator.CalculatorApplicationTests]
15:09:11.892 [Test worker] DEBUG org.springframework.test.annotation.ProfileValueUtils - Retrieved ProfileValueSource type [class org.springframework.test.annotation.SystemProfileValueSource] for class [com.wonderweasel.calculator.CalculatorApplicationTests]
15:09:11.936 [Test worker] DEBUG org.springframework.test.context.support.AbstractDirtiesContextTestExecutionListener - Before test class: context [DefaultTestContext@401ac2f4 testClass = CalculatorApplicationTests, testInstance = [null], testMethod = [null], testException = [null], mergedContextConfiguration = [WebMergedContextConfiguration@1a769740 testClass = CalculatorApplicationTests, locations = '{}', classes = '{class com.wonderweasel.calculator.CalculatorApplication}', contextInitializerClasses = '[]', activeProfiles = '{}', propertySourceLocations = '{}', propertySourceProperties = '{org.springframework.boot.test.context.SpringBootTestContextBootstrapper=true}', contextCustomizers = set[org.springframework.boot.test.autoconfigure.properties.PropertyMappingContextCustomizer@0, org.springframework.boot.test.autoconfigure.web.servlet.WebDriverContextCustomizerFactory$Customizer@309f468, org.springframework.boot.test.context.filter.ExcludeFilterContextCustomizer@2c8ca687, org.springframework.boot.test.json.DuplicateJsonObjectContextCustomizerFactory$DuplicateJsonObjectContextCustomizer@3ade69b1, org.springframework.boot.test.mock.mockito.MockitoContextCustomizer@0, org.springframework.boot.test.web.client.TestRestTemplateContextCustomizer@54c82720], resourceBasePath = 'src/main/webapp', contextLoader = 'org.springframework.boot.test.context.SpringBootContextLoader', parent = [null]], attributes = map['org.springframework.test.context.web.ServletTestExecutionListener.activateListener' -> true]], class annotated with @DirtiesContext [false] with mode [null].
15:09:11.939 [Test worker] DEBUG org.springframework.test.annotation.ProfileValueUtils - Retrieved @ProfileValueSourceConfiguration [null] for test class [com.wonderweasel.calculator.CalculatorApplicationTests]
15:09:11.940 [Test worker] DEBUG org.springframework.test.annotation.ProfileValueUtils - Retrieved ProfileValueSource type [class org.springframework.test.annotation.SystemProfileValueSource] for class [com.wonderweasel.calculator.CalculatorApplicationTests]
15:09:12.051 [Test worker] DEBUG org.springframework.test.context.support.TestPropertySourceUtils - Adding inlined properties to environment: {spring.jmx.enabled=false, org.springframework.boot.test.context.SpringBootTestContextBootstrapper=true, server.port=-1}

  .   ____          _            __ _ _
 /\\ / ___'_ __ _ _(_)_ __  __ _ \ \ \ \
( ( )\___ | '_ | '_| | '_ \/ _` | \ \ \ \
 \\/  ___)| |_)| | | | | || (_| |  ) ) ) )
  '  |____| .__|_| |_|_| |_\__, | / / / /
 =========|_|==============|___/=/_/_/_/
 :: Spring Boot ::        (v2.1.7.RELEASE)

2019-08-09 15:09:13.556  INFO 3295 --- [    Test worker] c.w.c.CalculatorApplicationTests         : Starting CalculatorApplicationTests on main with PID 3295 (started by vagrant in /vagrant/calculator)
2019-08-09 15:09:13.565  INFO 3295 --- [    Test worker] c.w.c.CalculatorApplicationTests         : No active profile set, falling back to default profiles: default
2019-08-09 15:09:20.936  INFO 3295 --- [    Test worker] o.s.s.concurrent.ThreadPoolTaskExecutor  : Initializing ExecutorService 'applicationTaskExecutor'
2019-08-09 15:09:22.625  INFO 3295 --- [    Test worker] c.w.c.CalculatorApplicationTests         : Started CalculatorApplicationTests in 10.53 seconds (JVM running for 14.071)
]]></system-out>
  <system-err><![CDATA[]]></system-err>
</testsuite>
