<?xml version="1.0" encoding="UTF-8"?>
<testsuite name="com.wonderweasel.calculator.CalculatorTest" tests="1" skipped="0" failures="0" errors="0" timestamp="2019-08-08T21:18:03" hostname="main" time="0.001">
  <properties/>
  <testcase name="testSum" classname="com.wonderweasel.calculator.CalculatorTest" time="0.001"/>
  <system-out><![CDATA[]]></system-out>
  <system-err><![CDATA[]]></system-err>
</testsuite>
