<?xml version="1.0" encoding="UTF-8"?>
<testsuite name="com.wonderweasel.calculator.CalculatorApplicationTests" tests="1" skipped="0" failures="0" errors="0" timestamp="2019-08-19T16:17:53" hostname="main" time="0.625">
  <properties/>
  <testcase name="contextLoads" classname="com.wonderweasel.calculator.CalculatorApplicationTests" time="0.625"/>
  <system-out><![CDATA[16:17:42.948 [Test worker] DEBUG org.springframework.test.context.junit4.SpringJUnit4ClassRunner - SpringJUnit4ClassRunner constructor called with [class com.wonderweasel.calculator.CalculatorApplicationTests]
16:17:42.972 [Test worker] DEBUG org.springframework.test.context.BootstrapUtils - Instantiating CacheAwareContextLoaderDelegate from class [org.springframework.test.context.cache.DefaultCacheAwareContextLoaderDelegate]
16:17:43.016 [Test worker] DEBUG org.springframework.test.context.BootstrapUtils - Instantiating BootstrapContext using constructor [public org.springframework.test.context.support.DefaultBootstrapContext(java.lang.Class,org.springframework.test.context.CacheAwareContextLoaderDelegate)]
16:17:43.084 [Test worker] DEBUG org.springframework.test.context.BootstrapUtils - Instantiating TestContextBootstrapper for test class [com.wonderweasel.calculator.CalculatorApplicationTests] from class [org.springframework.boot.test.context.SpringBootTestContextBootstrapper]
16:17:43.153 [Test worker] INFO org.springframework.boot.test.context.SpringBootTestContextBootstrapper - Neither @ContextConfiguration nor @ContextHierarchy found for test class [com.wonderweasel.calculator.CalculatorApplicationTests], using SpringBootContextLoader
16:17:43.165 [Test worker] DEBUG org.springframework.test.context.support.AbstractContextLoader - Did not detect default resource location for test class [com.wonderweasel.calculator.CalculatorApplicationTests]: class path resource [com/wonderweasel/calculator/CalculatorApplicationTests-context.xml] does not exist
16:17:43.168 [Test worker] DEBUG org.springframework.test.context.support.AbstractContextLoader - Did not detect default resource location for test class [com.wonderweasel.calculator.CalculatorApplicationTests]: class path resource [com/wonderweasel/calculator/CalculatorApplicationTestsContext.groovy] does not exist
16:17:43.168 [Test worker] INFO org.springframework.test.context.support.AbstractContextLoader - Could not detect default resource locations for test class [com.wonderweasel.calculator.CalculatorApplicationTests]: no resource found for suffixes {-context.xml, Context.groovy}.
16:17:43.171 [Test worker] INFO org.springframework.test.context.support.AnnotationConfigContextLoaderUtils - Could not detect default configuration classes for test class [com.wonderweasel.calculator.CalculatorApplicationTests]: CalculatorApplicationTests does not declare any static, non-private, non-final, nested classes annotated with @Configuration.
16:17:43.347 [Test worker] DEBUG org.springframework.test.context.support.ActiveProfilesUtils - Could not find an 'annotation declaring class' for annotation type [org.springframework.test.context.ActiveProfiles] and class [com.wonderweasel.calculator.CalculatorApplicationTests]
16:17:43.612 [Test worker] DEBUG org.springframework.context.annotation.ClassPathScanningCandidateComponentProvider - Identified candidate component class: file [/vagrant/calculator/build/classes/java/main/com/wonderweasel/calculator/CalculatorApplication.class]
16:17:43.643 [Test worker] INFO org.springframework.boot.test.context.SpringBootTestContextBootstrapper - Found @SpringBootConfiguration com.wonderweasel.calculator.CalculatorApplication for test class com.wonderweasel.calculator.CalculatorApplicationTests
16:17:44.111 [Test worker] DEBUG org.springframework.boot.test.context.SpringBootTestContextBootstrapper - @TestExecutionListeners is not present for class [com.wonderweasel.calculator.CalculatorApplicationTests]: using defaults.
16:17:44.113 [Test worker] INFO org.springframework.boot.test.context.SpringBootTestContextBootstrapper - Loaded default TestExecutionListener class names from location [META-INF/spring.factories]: [org.springframework.boot.test.autoconfigure.restdocs.RestDocsTestExecutionListener, org.springframework.boot.test.autoconfigure.web.client.MockRestServiceServerResetTestExecutionListener, org.springframework.boot.test.autoconfigure.web.servlet.MockMvcPrintOnlyOnFailureTestExecutionListener, org.springframework.boot.test.autoconfigure.web.servlet.WebDriverTestExecutionListener, org.springframework.boot.test.mock.mockito.MockitoTestExecutionListener, org.springframework.boot.test.mock.mockito.ResetMocksTestExecutionListener, org.springframework.test.context.web.ServletTestExecutionListener, org.springframework.test.context.support.DirtiesContextBeforeModesTestExecutionListener, org.springframework.test.context.support.DependencyInjectionTestExecutionListener, org.springframework.test.context.support.DirtiesContextTestExecutionListener, org.springframework.test.context.transaction.TransactionalTestExecutionListener, org.springframework.test.context.jdbc.SqlScriptsTestExecutionListener]
16:17:44.180 [Test worker] DEBUG org.springframework.boot.test.context.SpringBootTestContextBootstrapper - Skipping candidate TestExecutionListener [org.springframework.test.context.transaction.TransactionalTestExecutionListener] due to a missing dependency. Specify custom listener classes or make the default listener classes and their required dependencies available. Offending class: [org/springframework/transaction/TransactionDefinition]
16:17:44.183 [Test worker] DEBUG org.springframework.boot.test.context.SpringBootTestContextBootstrapper - Skipping candidate TestExecutionListener [org.springframework.test.context.jdbc.SqlScriptsTestExecutionListener] due to a missing dependency. Specify custom listener classes or make the default listener classes and their required dependencies available. Offending class: [org/springframework/transaction/interceptor/TransactionAttribute]
16:17:44.183 [Test worker] INFO org.springframework.boot.test.context.SpringBootTestContextBootstrapper - Using TestExecutionListeners: [org.springframework.test.context.web.ServletTestExecutionListener@6a138c43, org.springframework.test.context.support.DirtiesContextBeforeModesTestExecutionListener@412c2a54, org.springframework.boot.test.mock.mockito.MockitoTestExecutionListener@365c26b4, org.springframework.boot.test.autoconfigure.SpringBootDependencyInjectionTestExecutionListener@1eaa8e75, org.springframework.test.context.support.DirtiesContextTestExecutionListener@682d7877, org.springframework.boot.test.autoconfigure.restdocs.RestDocsTestExecutionListener@487381ac, org.springframework.boot.test.autoconfigure.web.client.MockRestServiceServerResetTestExecutionListener@1f4d6790, org.springframework.boot.test.autoconfigure.web.servlet.MockMvcPrintOnlyOnFailureTestExecutionListener@555e9b2a, org.springframework.boot.test.autoconfigure.web.servlet.WebDriverTestExecutionListener@56b3af36, org.springframework.boot.test.mock.mockito.ResetMocksTestExecutionListener@2192aad]
16:17:44.211 [Test worker] DEBUG org.springframework.test.annotation.ProfileValueUtils - Retrieved @ProfileValueSourceConfiguration [null] for test class [com.wonderweasel.calculator.CalculatorApplicationTests]
16:17:44.212 [Test worker] DEBUG org.springframework.test.annotation.ProfileValueUtils - Retrieved ProfileValueSource type [class org.springframework.test.annotation.SystemProfileValueSource] for class [com.wonderweasel.calculator.CalculatorApplicationTests]
16:17:44.215 [Test worker] DEBUG org.springframework.test.annotation.ProfileValueUtils - Retrieved @ProfileValueSourceConfiguration [null] for test class [com.wonderweasel.calculator.CalculatorApplicationTests]
16:17:44.215 [Test worker] DEBUG org.springframework.test.annotation.ProfileValueUtils - Retrieved ProfileValueSource type [class org.springframework.test.annotation.SystemProfileValueSource] for class [com.wonderweasel.calculator.CalculatorApplicationTests]
16:17:44.236 [Test worker] DEBUG org.springframework.test.context.support.AbstractDirtiesContextTestExecutionListener - Before test class: context [DefaultTestContext@1b8adf68 testClass = CalculatorApplicationTests, testInstance = [null], testMethod = [null], testException = [null], mergedContextConfiguration = [WebMergedContextConfiguration@43036350 testClass = CalculatorApplicationTests, locations = '{}', classes = '{class com.wonderweasel.calculator.CalculatorApplication}', contextInitializerClasses = '[]', activeProfiles = '{}', propertySourceLocations = '{}', propertySourceProperties = '{org.springframework.boot.test.context.SpringBootTestContextBootstrapper=true}', contextCustomizers = set[org.springframework.boot.test.autoconfigure.properties.PropertyMappingContextCustomizer@0, org.springframework.boot.test.autoconfigure.web.servlet.WebDriverContextCustomizerFactory$Customizer@3870674f, org.springframework.boot.test.context.filter.ExcludeFilterContextCustomizer@51265498, org.springframework.boot.test.json.DuplicateJsonObjectContextCustomizerFactory$DuplicateJsonObjectContextCustomizer@3d3a545d, org.springframework.boot.test.mock.mockito.MockitoContextCustomizer@0, org.springframework.boot.test.web.client.TestRestTemplateContextCustomizer@445f8af1], resourceBasePath = 'src/main/webapp', contextLoader = 'org.springframework.boot.test.context.SpringBootContextLoader', parent = [null]], attributes = map['org.springframework.test.context.web.ServletTestExecutionListener.activateListener' -> true]], class annotated with @DirtiesContext [false] with mode [null].
16:17:44.240 [Test worker] DEBUG org.springframework.test.annotation.ProfileValueUtils - Retrieved @ProfileValueSourceConfiguration [null] for test class [com.wonderweasel.calculator.CalculatorApplicationTests]
16:17:44.241 [Test worker] DEBUG org.springframework.test.annotation.ProfileValueUtils - Retrieved ProfileValueSource type [class org.springframework.test.annotation.SystemProfileValueSource] for class [com.wonderweasel.calculator.CalculatorApplicationTests]
16:17:44.332 [Test worker] DEBUG org.springframework.test.context.support.TestPropertySourceUtils - Adding inlined properties to environment: {spring.jmx.enabled=false, org.springframework.boot.test.context.SpringBootTestContextBootstrapper=true, server.port=-1}

  .   ____          _            __ _ _
 /\\ / ___'_ __ _ _(_)_ __  __ _ \ \ \ \
( ( )\___ | '_ | '_| | '_ \/ _` | \ \ \ \
 \\/  ___)| |_)| | | | | || (_| |  ) ) ) )
  '  |____| .__|_| |_|_| |_\__, | / / / /
 =========|_|==============|___/=/_/_/_/
 :: Spring Boot ::        (v2.1.7.RELEASE)

2019-08-19 16:17:45.749  INFO 13504 --- [    Test worker] c.w.c.CalculatorApplicationTests         : Starting CalculatorApplicationTests on main with PID 13504 (started by vagrant in /vagrant/calculator)
2019-08-19 16:17:45.754  INFO 13504 --- [    Test worker] c.w.c.CalculatorApplicationTests         : No active profile set, falling back to default profiles: default
2019-08-19 16:17:51.874  INFO 13504 --- [    Test worker] o.s.s.concurrent.ThreadPoolTaskExecutor  : Initializing ExecutorService 'applicationTaskExecutor'
2019-08-19 16:17:52.975  INFO 13504 --- [    Test worker] c.w.c.CalculatorApplicationTests         : Started CalculatorApplicationTests in 8.601 seconds (JVM running for 11.588)
]]></system-out>
  <system-err><![CDATA[]]></system-err>
</testsuite>
