<?xml version="1.0" encoding="UTF-8"?>
<testsuite name="com.wonderweasel.calculator.CalculatorApplicationTests" tests="1" skipped="0" failures="0" errors="0" timestamp="2019-08-08T21:18:01" hostname="main" time="1.113">
  <properties/>
  <testcase name="contextLoads" classname="com.wonderweasel.calculator.CalculatorApplicationTests" time="1.113"/>
  <system-out><![CDATA[21:17:49.323 [Test worker] DEBUG org.springframework.test.context.junit4.SpringJUnit4ClassRunner - SpringJUnit4ClassRunner constructor called with [class com.wonderweasel.calculator.CalculatorApplicationTests]
21:17:49.358 [Test worker] DEBUG org.springframework.test.context.BootstrapUtils - Instantiating CacheAwareContextLoaderDelegate from class [org.springframework.test.context.cache.DefaultCacheAwareContextLoaderDelegate]
21:17:49.387 [Test worker] DEBUG org.springframework.test.context.BootstrapUtils - Instantiating BootstrapContext using constructor [public org.springframework.test.context.support.DefaultBootstrapContext(java.lang.Class,org.springframework.test.context.CacheAwareContextLoaderDelegate)]
21:17:49.462 [Test worker] DEBUG org.springframework.test.context.BootstrapUtils - Instantiating TestContextBootstrapper for test class [com.wonderweasel.calculator.CalculatorApplicationTests] from class [org.springframework.boot.test.context.SpringBootTestContextBootstrapper]
21:17:49.545 [Test worker] INFO org.springframework.boot.test.context.SpringBootTestContextBootstrapper - Neither @ContextConfiguration nor @ContextHierarchy found for test class [com.wonderweasel.calculator.CalculatorApplicationTests], using SpringBootContextLoader
21:17:49.569 [Test worker] DEBUG org.springframework.test.context.support.AbstractContextLoader - Did not detect default resource location for test class [com.wonderweasel.calculator.CalculatorApplicationTests]: class path resource [com/wonderweasel/calculator/CalculatorApplicationTests-context.xml] does not exist
21:17:49.572 [Test worker] DEBUG org.springframework.test.context.support.AbstractContextLoader - Did not detect default resource location for test class [com.wonderweasel.calculator.CalculatorApplicationTests]: class path resource [com/wonderweasel/calculator/CalculatorApplicationTestsContext.groovy] does not exist
21:17:49.573 [Test worker] INFO org.springframework.test.context.support.AbstractContextLoader - Could not detect default resource locations for test class [com.wonderweasel.calculator.CalculatorApplicationTests]: no resource found for suffixes {-context.xml, Context.groovy}.
21:17:49.581 [Test worker] INFO org.springframework.test.context.support.AnnotationConfigContextLoaderUtils - Could not detect default configuration classes for test class [com.wonderweasel.calculator.CalculatorApplicationTests]: CalculatorApplicationTests does not declare any static, non-private, non-final, nested classes annotated with @Configuration.
21:17:49.822 [Test worker] DEBUG org.springframework.test.context.support.ActiveProfilesUtils - Could not find an 'annotation declaring class' for annotation type [org.springframework.test.context.ActiveProfiles] and class [com.wonderweasel.calculator.CalculatorApplicationTests]
21:17:50.245 [Test worker] DEBUG org.springframework.context.annotation.ClassPathScanningCandidateComponentProvider - Identified candidate component class: file [/vagrant/calculator/build/classes/java/main/com/wonderweasel/calculator/CalculatorApplication.class]
21:17:50.286 [Test worker] INFO org.springframework.boot.test.context.SpringBootTestContextBootstrapper - Found @SpringBootConfiguration com.wonderweasel.calculator.CalculatorApplication for test class com.wonderweasel.calculator.CalculatorApplicationTests
21:17:50.844 [Test worker] DEBUG org.springframework.boot.test.context.SpringBootTestContextBootstrapper - @TestExecutionListeners is not present for class [com.wonderweasel.calculator.CalculatorApplicationTests]: using defaults.
21:17:50.847 [Test worker] INFO org.springframework.boot.test.context.SpringBootTestContextBootstrapper - Loaded default TestExecutionListener class names from location [META-INF/spring.factories]: [org.springframework.boot.test.autoconfigure.restdocs.RestDocsTestExecutionListener, org.springframework.boot.test.autoconfigure.web.client.MockRestServiceServerResetTestExecutionListener, org.springframework.boot.test.autoconfigure.web.servlet.MockMvcPrintOnlyOnFailureTestExecutionListener, org.springframework.boot.test.autoconfigure.web.servlet.WebDriverTestExecutionListener, org.springframework.boot.test.mock.mockito.MockitoTestExecutionListener, org.springframework.boot.test.mock.mockito.ResetMocksTestExecutionListener, org.springframework.test.context.web.ServletTestExecutionListener, org.springframework.test.context.support.DirtiesContextBeforeModesTestExecutionListener, org.springframework.test.context.support.DependencyInjectionTestExecutionListener, org.springframework.test.context.support.DirtiesContextTestExecutionListener, org.springframework.test.context.transaction.TransactionalTestExecutionListener, org.springframework.test.context.jdbc.SqlScriptsTestExecutionListener]
21:17:50.919 [Test worker] DEBUG org.springframework.boot.test.context.SpringBootTestContextBootstrapper - Skipping candidate TestExecutionListener [org.springframework.test.context.transaction.TransactionalTestExecutionListener] due to a missing dependency. Specify custom listener classes or make the default listener classes and their required dependencies available. Offending class: [org/springframework/transaction/TransactionDefinition]
21:17:50.922 [Test worker] DEBUG org.springframework.boot.test.context.SpringBootTestContextBootstrapper - Skipping candidate TestExecutionListener [org.springframework.test.context.jdbc.SqlScriptsTestExecutionListener] due to a missing dependency. Specify custom listener classes or make the default listener classes and their required dependencies available. Offending class: [org/springframework/transaction/interceptor/TransactionAttribute]
21:17:50.923 [Test worker] INFO org.springframework.boot.test.context.SpringBootTestContextBootstrapper - Using TestExecutionListeners: [org.springframework.test.context.web.ServletTestExecutionListener@62bcee22, org.springframework.test.context.support.DirtiesContextBeforeModesTestExecutionListener@6d34ab0, org.springframework.boot.test.mock.mockito.MockitoTestExecutionListener@2238163, org.springframework.boot.test.autoconfigure.SpringBootDependencyInjectionTestExecutionListener@ec42c42, org.springframework.test.context.support.DirtiesContextTestExecutionListener@b8c1e46, org.springframework.boot.test.autoconfigure.restdocs.RestDocsTestExecutionListener@1796434d, org.springframework.boot.test.autoconfigure.web.client.MockRestServiceServerResetTestExecutionListener@920f045, org.springframework.boot.test.autoconfigure.web.servlet.MockMvcPrintOnlyOnFailureTestExecutionListener@26a97b1f, org.springframework.boot.test.autoconfigure.web.servlet.WebDriverTestExecutionListener@4d3c3fa2, org.springframework.boot.test.mock.mockito.ResetMocksTestExecutionListener@68159163]
21:17:50.943 [Test worker] DEBUG org.springframework.test.annotation.ProfileValueUtils - Retrieved @ProfileValueSourceConfiguration [null] for test class [com.wonderweasel.calculator.CalculatorApplicationTests]
21:17:50.947 [Test worker] DEBUG org.springframework.test.annotation.ProfileValueUtils - Retrieved ProfileValueSource type [class org.springframework.test.annotation.SystemProfileValueSource] for class [com.wonderweasel.calculator.CalculatorApplicationTests]
21:17:50.954 [Test worker] DEBUG org.springframework.test.annotation.ProfileValueUtils - Retrieved @ProfileValueSourceConfiguration [null] for test class [com.wonderweasel.calculator.CalculatorApplicationTests]
21:17:50.954 [Test worker] DEBUG org.springframework.test.annotation.ProfileValueUtils - Retrieved ProfileValueSource type [class org.springframework.test.annotation.SystemProfileValueSource] for class [com.wonderweasel.calculator.CalculatorApplicationTests]
21:17:50.982 [Test worker] DEBUG org.springframework.test.context.support.AbstractDirtiesContextTestExecutionListener - Before test class: context [DefaultTestContext@5aab7690 testClass = CalculatorApplicationTests, testInstance = [null], testMethod = [null], testException = [null], mergedContextConfiguration = [WebMergedContextConfiguration@2f173070 testClass = CalculatorApplicationTests, locations = '{}', classes = '{class com.wonderweasel.calculator.CalculatorApplication}', contextInitializerClasses = '[]', activeProfiles = '{}', propertySourceLocations = '{}', propertySourceProperties = '{org.springframework.boot.test.context.SpringBootTestContextBootstrapper=true}', contextCustomizers = set[org.springframework.boot.test.autoconfigure.properties.PropertyMappingContextCustomizer@0, org.springframework.boot.test.autoconfigure.web.servlet.WebDriverContextCustomizerFactory$Customizer@70c690c2, org.springframework.boot.test.context.filter.ExcludeFilterContextCustomizer@2b8ed887, org.springframework.boot.test.json.DuplicateJsonObjectContextCustomizerFactory$DuplicateJsonObjectContextCustomizer@d58aaa7, org.springframework.boot.test.mock.mockito.MockitoContextCustomizer@0, org.springframework.boot.test.web.client.TestRestTemplateContextCustomizer@4d07b1bb], resourceBasePath = 'src/main/webapp', contextLoader = 'org.springframework.boot.test.context.SpringBootContextLoader', parent = [null]], attributes = map['org.springframework.test.context.web.ServletTestExecutionListener.activateListener' -> true]], class annotated with @DirtiesContext [false] with mode [null].
21:17:50.986 [Test worker] DEBUG org.springframework.test.annotation.ProfileValueUtils - Retrieved @ProfileValueSourceConfiguration [null] for test class [com.wonderweasel.calculator.CalculatorApplicationTests]
21:17:50.986 [Test worker] DEBUG org.springframework.test.annotation.ProfileValueUtils - Retrieved ProfileValueSource type [class org.springframework.test.annotation.SystemProfileValueSource] for class [com.wonderweasel.calculator.CalculatorApplicationTests]
21:17:51.125 [Test worker] DEBUG org.springframework.test.context.support.TestPropertySourceUtils - Adding inlined properties to environment: {spring.jmx.enabled=false, org.springframework.boot.test.context.SpringBootTestContextBootstrapper=true, server.port=-1}

  .   ____          _            __ _ _
 /\\ / ___'_ __ _ _(_)_ __  __ _ \ \ \ \
( ( )\___ | '_ | '_| | '_ \/ _` | \ \ \ \
 \\/  ___)| |_)| | | | | || (_| |  ) ) ) )
  '  |____| .__|_| |_|_| |_\__, | / / / /
 =========|_|==============|___/=/_/_/_/
 :: Spring Boot ::        (v2.1.7.RELEASE)

2019-08-08 21:17:52.550  INFO 30417 --- [    Test worker] c.w.c.CalculatorApplicationTests         : Starting CalculatorApplicationTests on main with PID 30417 (started by vagrant in /vagrant/calculator)
2019-08-08 21:17:52.553  INFO 30417 --- [    Test worker] c.w.c.CalculatorApplicationTests         : No active profile set, falling back to default profiles: default
2019-08-08 21:18:00.142  INFO 30417 --- [    Test worker] o.s.s.concurrent.ThreadPoolTaskExecutor  : Initializing ExecutorService 'applicationTaskExecutor'
2019-08-08 21:18:01.879  INFO 30417 --- [    Test worker] c.w.c.CalculatorApplicationTests         : Started CalculatorApplicationTests in 10.7 seconds (JVM running for 13.785)
]]></system-out>
  <system-err><![CDATA[]]></system-err>
</testsuite>
